<?xml version="1.0" encoding="UTF-8"?>
<testsuite xmlns:xsi="http://www.w3.org/2001/XMLSchema-instance" xsi:noNamespaceSchemaLocation="https://maven.apache.org/surefire/maven-surefire-plugin/xsd/surefire-test-report.xsd" version="3.0.1" name="com.mycompany.app.AppTest" time="0.043" tests="1" errors="0" skipped="0" failures="0">
  <properties>
    <property name="java.specification.version" value="23"/>
    <property name="maven.user.extensions" value="C:\Users\nidhi.patel/.m2/extensions.xml"/>
    <property name="sun.cpu.isalist" value="amd64"/>
    <property name="sun.jnu.encoding" value="Cp1252"/>
    <property name="java.class.path" value="C:\Users\nidhi.patel\mavendemo\maven-project\my-app\target\test-classes;C:\Users\nidhi.patel\mavendemo\maven-project\my-app\target\classes;C:\Users\nidhi.patel\.m2\repository\org\junit\jupiter\junit-jupiter-api\5.11.0\junit-jupiter-api-5.11.0.jar;C:\Users\nidhi.patel\.m2\repository\org\opentest4j\opentest4j\1.3.0\opentest4j-1.3.0.jar;C:\Users\nidhi.patel\.m2\repository\org\junit\platform\junit-platform-commons\1.11.0\junit-platform-commons-1.11.0.jar;C:\Users\nidhi.patel\.m2\repository\org\apiguardian\apiguardian-api\1.1.2\apiguardian-api-1.1.2.jar;C:\Users\nidhi.patel\.m2\repository\org\junit\jupiter\junit-jupiter-params\5.11.0\junit-jupiter-params-5.11.0.jar;"/>
    <property name="java.vm.vendor" value="Oracle Corporation"/>
    <property name="sun.arch.data.model" value="64"/>
    <property name="user.variant" value=""/>
    <property name="maven.user.toolchains" value="C:\Users\nidhi.patel/.m2/toolchains.xml"/>
    <property name="java.vendor.url" value="https://java.oracle.com/"/>
    <property name="user.timezone" value="Asia/Calcutta"/>
    <property name="java.vm.specification.version" value="23"/>
    <property name="os.name" value="Windows 10"/>
    <property name="maven.repo.central" value="https://repo.maven.apache.org/maven2"/>
    <property name="sun.java.launcher" value="SUN_STANDARD"/>
    <property name="user.country" value="IN"/>
    <property name="session.topDirectory" value="C:\Users\nidhi.patel\mavendemo\maven-project\my-app"/>
    <property name="sun.boot.library.path" value="C:\Users\nidhi.patel\jdk-23.0.1\bin"/>
    <property name="sun.java.command" value="C:\Users\nidhi.patel\AppData\Local\Temp\surefire561936191763437885\surefirebooter-20250120164302513_3.jar C:\Users\nidhi.patel\AppData\Local\Temp\surefire561936191763437885 2025-01-20T16-43-02_384-jvmRun1 surefire-20250120164302513_1tmp surefire_0-20250120164302513_2tmp"/>
    <property name="maven.project.settings" value="C:\Users\nidhi.patel\mavendemo\maven-project\my-app/.mvn/settings.xml"/>
    <property name="jdk.debug" value="release"/>
    <property name="surefire.test.class.path" value="C:\Users\nidhi.patel\mavendemo\maven-project\my-app\target\test-classes;C:\Users\nidhi.patel\mavendemo\maven-project\my-app\target\classes;C:\Users\nidhi.patel\.m2\repository\org\junit\jupiter\junit-jupiter-api\5.11.0\junit-jupiter-api-5.11.0.jar;C:\Users\nidhi.patel\.m2\repository\org\opentest4j\opentest4j\1.3.0\opentest4j-1.3.0.jar;C:\Users\nidhi.patel\.m2\repository\org\junit\platform\junit-platform-commons\1.11.0\junit-platform-commons-1.11.0.jar;C:\Users\nidhi.patel\.m2\repository\org\apiguardian\apiguardian-api\1.1.2\apiguardian-api-1.1.2.jar;C:\Users\nidhi.patel\.m2\repository\org\junit\jupiter\junit-jupiter-params\5.11.0\junit-jupiter-params-5.11.0.jar;"/>
    <property name="sun.cpu.endian" value="little"/>
    <property name="user.home" value="C:\Users\nidhi.patel"/>
    <property name="user.language" value="en"/>
    <property name="java.specification.vendor" value="Oracle Corporation"/>
    <property name="java.version.date" value="2024-10-15"/>
    <property name="java.home" value="C:\Users\nidhi.patel\jdk-23.0.1"/>
    <property name="maven.user.conf" value="C:\Users\nidhi.patel/.m2"/>
    <property name="file.separator" value="\"/>
    <property name="basedir" value="C:\Users\nidhi.patel\mavendemo\maven-project\my-app"/>
    <property name="java.vm.compressedOopsMode" value="Zero based"/>
    <property name="line.separator" value="&#10;"/>
    <property name="java.vm.specification.vendor" value="Oracle Corporation"/>
    <property name="java.specification.name" value="Java Platform API Specification"/>
    <property name="maven.project.conf" value="C:\Users\nidhi.patel\mavendemo\maven-project\my-app/.mvn"/>
    <property name="surefire.real.class.path" value="C:\Users\nidhi.patel\AppData\Local\Temp\surefire561936191763437885\surefirebooter-20250120164302513_3.jar"/>
    <property name="session.rootDirectory" value="C:\Users\nidhi.patel\mavendemo\maven-project\my-app"/>
    <property name="user.script" value=""/>
    <property name="sun.management.compiler" value="HotSpot 64-Bit Tiered Compilers"/>
    <property name="java.runtime.version" value="23.0.1+11-39"/>
    <property name="user.name" value="nidhi.patel"/>
    <property name="stdout.encoding" value="Cp1252"/>
    <property name="maven.installation.conf" value="C:\Users\nidhi.patel\apache-maven-4.0.0-rc-2-bin\apache-maven-4.0.0-rc-2/conf"/>
    <property name="path.separator" value=";"/>
    <property name="os.version" value="10.0"/>
    <property name="java.runtime.name" value="Java(TM) SE Runtime Environment"/>
    <property name="file.encoding" value="UTF-8"/>
    <property name="maven.installation.toolchains" value="C:\Users\nidhi.patel\apache-maven-4.0.0-rc-2-bin\apache-maven-4.0.0-rc-2/conf/toolchains.xml"/>
    <property name="java.vm.name" value="Java HotSpot(TM) 64-Bit Server VM"/>
    <property name="localRepository" value="C:\Users\nidhi.patel\.m2\repository"/>
    <property name="maven.project.extensions" value="C:\Users\nidhi.patel\mavendemo\maven-project\my-app/.mvn/extensions.xml"/>
    <property name="java.vendor.url.bug" value="https://bugreport.java.com/bugreport/"/>
    <property name="java.io.tmpdir" value="C:\Users\NIDHI~1.PAT\AppData\Local\Temp\"/>
    <property name="maven.installation.extensions" value="C:\Users\nidhi.patel\apache-maven-4.0.0-rc-2-bin\apache-maven-4.0.0-rc-2/conf/extensions.xml"/>
    <property name="java.version" value="23.0.1"/>
    <property name="user.dir" value="C:\Users\nidhi.patel\mavendemo\maven-project\my-app"/>
    <property name="os.arch" value="amd64"/>
    <property name="java.vm.specification.name" value="Java Virtual Machine Specification"/>
    <property name="sun.os.patch.level" value=""/>
    <property name="native.encoding" value="Cp1252"/>
    <property name="java.library.path" value="C:\Users\nidhi.patel\jdk-23.0.1\bin;C:\Windows\Sun\Java\bin;C:\Windows\system32;C:\Windows;C:\Users\nidhi.patel\bin;C:\Users\nidhi.patel\AppData\Local\Programs\Git\mingw64\bin;C:\Users\nidhi.patel\AppData\Local\Programs\Git\usr\local\bin;C:\Users\nidhi.patel\AppData\Local\Programs\Git\usr\bin;C:\Users\nidhi.patel\AppData\Local\Programs\Git\usr\bin;C:\Users\nidhi.patel\AppData\Local\Programs\Git\mingw64\bin;C:\Users\nidhi.patel\AppData\Local\Programs\Git\usr\bin;C:\Users\nidhi.patel\bin;C:\Windows\system32;C:\Windows;C:\Windows\System32\Wbem;C:\Windows\System32\WindowsPowerShell\v1.0;C:\Windows\System32\OpenSSH;C:\Users\nidhi.patel\AppData\Local\Microsoft\WindowsApps;C:\Users\nidhi.patel\AppData\Local\Programs\Microsoft VS Code\bin;C:\Users\nidhi.patel\AppData\Local\Programs\Git\cmd;C:\Users\nidhi.patel\jdk-23.0.1\bin;C:\Users\nidhi.patel\apache-maven-4.0.0-rc-2-bin\apache-maven-4.0.0-rc-2\bin;C:\Users\nidhi.patel\AppData\Local\Programs\Git\usr\bin\vendor_perl;C:\Users\nidhi.patel\AppData\Local\Programs\Git\usr\bin\core_perl;."/>
    <property name="java.vm.info" value="mixed mode, sharing"/>
    <property name="stderr.encoding" value="Cp1252"/>
    <property name="java.vendor" value="Oracle Corporation"/>
    <property name="java.vm.version" value="23.0.1+11-39"/>
    <property name="maven.installation.settings" value="C:\Users\nidhi.patel\apache-maven-4.0.0-rc-2-bin\apache-maven-4.0.0-rc-2/conf/settings.xml"/>
    <property name="sun.io.unicode.encoding" value="UnicodeLittle"/>
    <property name="maven.user.settings" value="C:\Users\nidhi.patel/.m2/settings.xml"/>
    <property name="java.class.version" value="67.0"/>
  </properties>
  <testcase name="shouldAnswerWithTrue" classname="com.mycompany.app.AppTest" time="0.022"/>
</testsuite>